Now running test for 10000, request and concurrency level of 500,
=========================================================================
===========================Completed=====================================
Now running test for 10000, request and concurrency level of 1000,
=========================================================================
===========================Completed=====================================
Now running test for 10000, request and concurrency level of 1500,
=========================================================================
===========================Completed=====================================
Now running test for 10000, request and concurrency level of 2000,
=========================================================================
===========================Completed=====================================
Now running test for 10000, request and concurrency level of 2500,
=========================================================================
===========================Completed=====================================
Now running test for 10000, request and concurrency level of 3000,
=========================================================================
===========================Completed=====================================
Now running test for 10000, request and concurrency level of 3500,
=========================================================================
===========================Completed=====================================
Now running test for 10000, request and concurrency level of 4000,
=========================================================================
===========================Completed=====================================
Now running test for 10000, request and concurrency level of 4500,
=========================================================================
===========================Completed=====================================
Now running test for 10000, request and concurrency level of 5000
=========================================================================
===========================Completed=====================================
Now running test for 20000, request and concurrency level of 500,
=========================================================================
===========================Completed=====================================
Now running test for 20000, request and concurrency level of 1000,
=========================================================================
===========================Completed=====================================
Now running test for 20000, request and concurrency level of 1500,
=========================================================================
===========================Completed=====================================
Now running test for 20000, request and concurrency level of 2000,
=========================================================================
===========================Completed=====================================
Now running test for 20000, request and concurrency level of 2500,
=========================================================================
===========================Completed=====================================
Now running test for 20000, request and concurrency level of 3000,
=========================================================================
===========================Completed=====================================
Now running test for 20000, request and concurrency level of 3500,
=========================================================================
===========================Completed=====================================
Now running test for 20000, request and concurrency level of 4000,
=========================================================================
===========================Completed=====================================
Now running test for 20000, request and concurrency level of 4500,
=========================================================================
===========================Completed=====================================
Now running test for 20000, request and concurrency level of 5000
=========================================================================
===========================Completed=====================================
Now running test for 30000, request and concurrency level of 500,
=========================================================================
===========================Completed=====================================
Now running test for 30000, request and concurrency level of 1000,
=========================================================================
===========================Completed=====================================
Now running test for 30000, request and concurrency level of 1500,
=========================================================================
===========================Completed=====================================
Now running test for 30000, request and concurrency level of 2000,
=========================================================================
===========================Completed=====================================
Now running test for 30000, request and concurrency level of 2500,
=========================================================================
===========================Completed=====================================
Now running test for 30000, request and concurrency level of 3000,
=========================================================================
===========================Completed=====================================
Now running test for 30000, request and concurrency level of 3500,
=========================================================================
===========================Completed=====================================
Now running test for 30000, request and concurrency level of 4000,
=========================================================================
===========================Completed=====================================
Now running test for 30000, request and concurrency level of 4500,
=========================================================================
===========================Completed=====================================
Now running test for 30000, request and concurrency level of 5000
=========================================================================
===========================Completed=====================================
Now running test for 40000, request and concurrency level of 500,
=========================================================================
===========================Completed=====================================
Now running test for 40000, request and concurrency level of 1000,
=========================================================================
===========================Completed=====================================
Now running test for 40000, request and concurrency level of 1500,
=========================================================================
===========================Completed=====================================
Now running test for 40000, request and concurrency level of 2000,
=========================================================================
===========================Completed=====================================
Now running test for 40000, request and concurrency level of 2500,
=========================================================================
===========================Completed=====================================
Now running test for 40000, request and concurrency level of 3000,
=========================================================================
===========================Completed=====================================
Now running test for 40000, request and concurrency level of 3500,
=========================================================================
===========================Completed=====================================
Now running test for 40000, request and concurrency level of 4000,
=========================================================================
===========================Completed=====================================
Now running test for 40000, request and concurrency level of 4500,
=========================================================================
===========================Completed=====================================
Now running test for 40000, request and concurrency level of 5000
=========================================================================
===========================Completed=====================================
Now running test for 50000, request and concurrency level of 500,
=========================================================================
===========================Completed=====================================
Now running test for 50000, request and concurrency level of 1000,
=========================================================================
===========================Completed=====================================
Now running test for 50000, request and concurrency level of 1500,
=========================================================================
===========================Completed=====================================
Now running test for 50000, request and concurrency level of 2000,
=========================================================================
===========================Completed=====================================
Now running test for 50000, request and concurrency level of 2500,
=========================================================================
===========================Completed=====================================
Now running test for 50000, request and concurrency level of 3000,
=========================================================================
===========================Completed=====================================
Now running test for 50000, request and concurrency level of 3500,
=========================================================================
===========================Completed=====================================
Now running test for 50000, request and concurrency level of 4000,
=========================================================================
===========================Completed=====================================
Now running test for 50000, request and concurrency level of 4500,
=========================================================================
===========================Completed=====================================
Now running test for 50000, request and concurrency level of 5000
=========================================================================
===========================Completed=====================================
Now running test for 60000, request and concurrency level of 500,
=========================================================================
===========================Completed=====================================
Now running test for 60000, request and concurrency level of 1000,
=========================================================================
===========================Completed=====================================
Now running test for 60000, request and concurrency level of 1500,
=========================================================================
===========================Completed=====================================
Now running test for 60000, request and concurrency level of 2000,
=========================================================================
===========================Completed=====================================
Now running test for 60000, request and concurrency level of 2500,
=========================================================================
===========================Completed=====================================
Now running test for 60000, request and concurrency level of 3000,
=========================================================================
===========================Completed=====================================
Now running test for 60000, request and concurrency level of 3500,
=========================================================================
===========================Completed=====================================
Now running test for 60000, request and concurrency level of 4000,
=========================================================================
===========================Completed=====================================
Now running test for 60000, request and concurrency level of 4500,
=========================================================================
===========================Completed=====================================
Now running test for 60000, request and concurrency level of 5000
=========================================================================
===========================Completed=====================================
Now running test for 70000, request and concurrency level of 500,
=========================================================================
===========================Completed=====================================
Now running test for 70000, request and concurrency level of 1000,
=========================================================================
===========================Completed=====================================
Now running test for 70000, request and concurrency level of 1500,
=========================================================================
===========================Completed=====================================
Now running test for 70000, request and concurrency level of 2000,
=========================================================================
===========================Completed=====================================
Now running test for 70000, request and concurrency level of 2500,
=========================================================================
===========================Completed=====================================
Now running test for 70000, request and concurrency level of 3000,
=========================================================================
===========================Completed=====================================
Now running test for 70000, request and concurrency level of 3500,
=========================================================================
===========================Completed=====================================
Now running test for 70000, request and concurrency level of 4000,
=========================================================================
===========================Completed=====================================
Now running test for 70000, request and concurrency level of 4500,
=========================================================================
===========================Completed=====================================
Now running test for 70000, request and concurrency level of 5000
=========================================================================
===========================Completed=====================================
Now running test for 80000, request and concurrency level of 500,
=========================================================================
===========================Completed=====================================
Now running test for 80000, request and concurrency level of 1000,
=========================================================================
===========================Completed=====================================
Now running test for 80000, request and concurrency level of 1500,
=========================================================================
===========================Completed=====================================
Now running test for 80000, request and concurrency level of 2000,
=========================================================================
===========================Completed=====================================
Now running test for 80000, request and concurrency level of 2500,
=========================================================================
===========================Completed=====================================
Now running test for 80000, request and concurrency level of 3000,
=========================================================================
===========================Completed=====================================
Now running test for 80000, request and concurrency level of 3500,
=========================================================================
===========================Completed=====================================
Now running test for 80000, request and concurrency level of 4000,
=========================================================================
===========================Completed=====================================
Now running test for 80000, request and concurrency level of 4500,
=========================================================================
===========================Completed=====================================
Now running test for 80000, request and concurrency level of 5000
=========================================================================
===========================Completed=====================================
Now running test for 90000, request and concurrency level of 500,
=========================================================================
===========================Completed=====================================
Now running test for 90000, request and concurrency level of 1000,
=========================================================================
===========================Completed=====================================
Now running test for 90000, request and concurrency level of 1500,
=========================================================================
===========================Completed=====================================
Now running test for 90000, request and concurrency level of 2000,
=========================================================================
===========================Completed=====================================
Now running test for 90000, request and concurrency level of 2500,
=========================================================================
===========================Completed=====================================
Now running test for 90000, request and concurrency level of 3000,
=========================================================================
===========================Completed=====================================
Now running test for 90000, request and concurrency level of 3500,
=========================================================================
===========================Completed=====================================
Now running test for 90000, request and concurrency level of 4000,
=========================================================================
===========================Completed=====================================
Now running test for 90000, request and concurrency level of 4500,
=========================================================================
===========================Completed=====================================
Now running test for 90000, request and concurrency level of 5000
=========================================================================
===========================Completed=====================================
Now running test for 100000 request and concurrency level of 500,
=========================================================================
===========================Completed=====================================
Now running test for 100000 request and concurrency level of 1000,
=========================================================================
===========================Completed=====================================
Now running test for 100000 request and concurrency level of 1500,
=========================================================================
===========================Completed=====================================
Now running test for 100000 request and concurrency level of 2000,
=========================================================================
===========================Completed=====================================
Now running test for 100000 request and concurrency level of 2500,
=========================================================================
===========================Completed=====================================
Now running test for 100000 request and concurrency level of 3000,
=========================================================================
===========================Completed=====================================
Now running test for 100000 request and concurrency level of 3500,
=========================================================================
===========================Completed=====================================
Now running test for 100000 request and concurrency level of 4000,
=========================================================================
===========================Completed=====================================
Now running test for 100000 request and concurrency level of 4500,
=========================================================================
===========================Completed=====================================
Now running test for 100000 request and concurrency level of 5000
=========================================================================
===========================Completed=====================================
Now running test for 10000, request and concurrency level of 500,
=========================================================================
===========================Completed=====================================
Now running test for 10000, request and concurrency level of 1000,
=========================================================================
===========================Completed=====================================
Now running test for 10000, request and concurrency level of 1500,
=========================================================================
===========================Completed=====================================
Now running test for 10000, request and concurrency level of 2000,
=========================================================================
===========================Completed=====================================
Now running test for 10000, request and concurrency level of 2500,
=========================================================================
Now running test for 10000, request and concurrency level of 500
=========================================================================
===========================Completed=====================================
Now running test for 10000, request and concurrency level of 1000
=========================================================================
===========================Completed=====================================
Now running test for 10000, request and concurrency level of 1500
=========================================================================
===========================Completed=====================================
Now running test for 10000, request and concurrency level of 2000
=========================================================================
===========================Completed=====================================
Now running test for 10000, request and concurrency level of 2500
=========================================================================
===========================Completed=====================================
Now running test for 10000, request and concurrency level of 3000
=========================================================================
===========================Completed=====================================
Now running test for 10000, request and concurrency level of 3500
=========================================================================
===========================Completed=====================================
Now running test for 10000, request and concurrency level of 4000
=========================================================================
===========================Completed=====================================
Now running test for 10000, request and concurrency level of 4500
=========================================================================
===========================Completed=====================================
Now running test for 10000, request and concurrency level of 5000
=========================================================================
===========================Completed=====================================
Now running test for 20000 request and concurrency level of 500
=========================================================================
===========================Completed=====================================
Now running test for 20000 request and concurrency level of 1000
=========================================================================
===========================Completed=====================================
Now running test for 20000 request and concurrency level of 1500
=========================================================================
===========================Completed=====================================
Now running test for 20000 request and concurrency level of 2000
=========================================================================
===========================Completed=====================================
Now running test for 20000 request and concurrency level of 2500
=========================================================================
===========================Completed=====================================
Now running test for 20000 request and concurrency level of 3000
=========================================================================
===========================Completed=====================================
Now running test for 20000 request and concurrency level of 3500
=========================================================================
===========================Completed=====================================
Now running test for 20000 request and concurrency level of 4000
=========================================================================
===========================Completed=====================================
Now running test for 20000 request and concurrency level of 4500
=========================================================================
===========================Completed=====================================
Now running test for 20000 request and concurrency level of 5000
=========================================================================
===========================Completed=====================================
Now running test for 30000 request and concurrency level of 500
=========================================================================
===========================Completed=====================================
Now running test for 30000 request and concurrency level of 1000
=========================================================================
===========================Completed=====================================
Now running test for 30000 request and concurrency level of 1500
=========================================================================
===========================Completed=====================================
Now running test for 30000 request and concurrency level of 2000
=========================================================================
===========================Completed=====================================
Now running test for 30000 request and concurrency level of 2500
=========================================================================
===========================Completed=====================================
Now running test for 30000 request and concurrency level of 3000
=========================================================================
===========================Completed=====================================
Now running test for 30000 request and concurrency level of 3500
=========================================================================
===========================Completed=====================================
Now running test for 30000 request and concurrency level of 4000
=========================================================================
===========================Completed=====================================
Now running test for 30000 request and concurrency level of 4500
=========================================================================
===========================Completed=====================================
Now running test for 30000 request and concurrency level of 5000
=========================================================================
===========================Completed=====================================
Now running test for 40000 request and concurrency level of 500
=========================================================================
===========================Completed=====================================
Now running test for 40000 request and concurrency level of 1000
=========================================================================
===========================Completed=====================================
Now running test for 40000 request and concurrency level of 1500
=========================================================================
===========================Completed=====================================
Now running test for 40000 request and concurrency level of 2000
=========================================================================
===========================Completed=====================================
Now running test for 40000 request and concurrency level of 2500
=========================================================================
===========================Completed=====================================
Now running test for 40000 request and concurrency level of 3000
=========================================================================
===========================Completed=====================================
Now running test for 40000 request and concurrency level of 3500
=========================================================================
===========================Completed=====================================
Now running test for 40000 request and concurrency level of 4000
=========================================================================
===========================Completed=====================================
Now running test for 40000 request and concurrency level of 4500
=========================================================================
===========================Completed=====================================
Now running test for 40000 request and concurrency level of 5000
=========================================================================
===========================Completed=====================================
Now running test for 50000 request and concurrency level of 500
=========================================================================
===========================Completed=====================================
Now running test for 50000 request and concurrency level of 1000
=========================================================================
===========================Completed=====================================
Now running test for 50000 request and concurrency level of 1500
=========================================================================
===========================Completed=====================================
Now running test for 50000 request and concurrency level of 2000
=========================================================================
===========================Completed=====================================
Now running test for 50000 request and concurrency level of 2500
=========================================================================
===========================Completed=====================================
Now running test for 50000 request and concurrency level of 3000
=========================================================================
===========================Completed=====================================
Now running test for 50000 request and concurrency level of 3500
=========================================================================
===========================Completed=====================================
Now running test for 50000 request and concurrency level of 4000
=========================================================================
===========================Completed=====================================
Now running test for 50000 request and concurrency level of 4500
=========================================================================
===========================Completed=====================================
Now running test for 50000 request and concurrency level of 5000
=========================================================================
===========================Completed=====================================
Now running test for 60000 request and concurrency level of 500
=========================================================================
===========================Completed=====================================
Now running test for 60000 request and concurrency level of 1000
=========================================================================
===========================Completed=====================================
Now running test for 60000 request and concurrency level of 1500
=========================================================================
===========================Completed=====================================
Now running test for 60000 request and concurrency level of 2000
=========================================================================
===========================Completed=====================================
Now running test for 60000 request and concurrency level of 2500
=========================================================================
===========================Completed=====================================
Now running test for 60000 request and concurrency level of 3000
=========================================================================
===========================Completed=====================================
Now running test for 60000 request and concurrency level of 3500
=========================================================================
===========================Completed=====================================
Now running test for 60000 request and concurrency level of 4000
=========================================================================
===========================Completed=====================================
Now running test for 60000 request and concurrency level of 4500
=========================================================================
===========================Completed=====================================
Now running test for 60000 request and concurrency level of 5000
=========================================================================
===========================Completed=====================================
Now running test for 70000 request and concurrency level of 500
=========================================================================
===========================Completed=====================================
Now running test for 70000 request and concurrency level of 1000
=========================================================================
===========================Completed=====================================
Now running test for 70000 request and concurrency level of 1500
=========================================================================
===========================Completed=====================================
Now running test for 70000 request and concurrency level of 2000
=========================================================================
===========================Completed=====================================
Now running test for 70000 request and concurrency level of 2500
=========================================================================
===========================Completed=====================================
Now running test for 70000 request and concurrency level of 3000
=========================================================================
===========================Completed=====================================
Now running test for 70000 request and concurrency level of 3500
=========================================================================
===========================Completed=====================================
Now running test for 70000 request and concurrency level of 4000
=========================================================================
===========================Completed=====================================
Now running test for 70000 request and concurrency level of 4500
=========================================================================
===========================Completed=====================================
Now running test for 70000 request and concurrency level of 5000
=========================================================================
===========================Completed=====================================
Now running test for 80000 request and concurrency level of 500
=========================================================================
===========================Completed=====================================
Now running test for 80000 request and concurrency level of 1000
=========================================================================
===========================Completed=====================================
Now running test for 80000 request and concurrency level of 1500
=========================================================================
===========================Completed=====================================
Now running test for 80000 request and concurrency level of 2000
=========================================================================
===========================Completed=====================================
Now running test for 80000 request and concurrency level of 2500
=========================================================================
===========================Completed=====================================
Now running test for 80000 request and concurrency level of 3000
=========================================================================
===========================Completed=====================================
Now running test for 80000 request and concurrency level of 3500
=========================================================================
===========================Completed=====================================
Now running test for 80000 request and concurrency level of 4000
=========================================================================
===========================Completed=====================================
Now running test for 80000 request and concurrency level of 4500
=========================================================================
===========================Completed=====================================
Now running test for 80000 request and concurrency level of 5000
=========================================================================
===========================Completed=====================================
Now running test for 90000 request and concurrency level of 500
=========================================================================
===========================Completed=====================================
Now running test for 90000 request and concurrency level of 1000
=========================================================================
===========================Completed=====================================
Now running test for 90000 request and concurrency level of 1500
=========================================================================
===========================Completed=====================================
Now running test for 90000 request and concurrency level of 2000
=========================================================================
===========================Completed=====================================
Now running test for 90000 request and concurrency level of 2500
=========================================================================
===========================Completed=====================================
Now running test for 90000 request and concurrency level of 3000
=========================================================================
===========================Completed=====================================
Now running test for 90000 request and concurrency level of 3500
=========================================================================
===========================Completed=====================================
Now running test for 90000 request and concurrency level of 4000
=========================================================================
===========================Completed=====================================
Now running test for 90000 request and concurrency level of 4500
=========================================================================
===========================Completed=====================================
Now running test for 90000 request and concurrency level of 5000
=========================================================================
===========================Completed=====================================
Now running test for 100000 request and concurrency level of 500
=========================================================================
===========================Completed=====================================
Now running test for 100000 request and concurrency level of 1000
=========================================================================
===========================Completed=====================================
Now running test for 100000 request and concurrency level of 1500
=========================================================================
===========================Completed=====================================
Now running test for 100000 request and concurrency level of 2000
=========================================================================
===========================Completed=====================================
Now running test for 100000 request and concurrency level of 2500
=========================================================================
===========================Completed=====================================
Now running test for 100000 request and concurrency level of 3000
=========================================================================
===========================Completed=====================================
Now running test for 100000 request and concurrency level of 3500
=========================================================================
===========================Completed=====================================
Now running test for 100000 request and concurrency level of 4000
=========================================================================
===========================Completed=====================================
Now running test for 100000 request and concurrency level of 4500
=========================================================================
===========================Completed=====================================
Now running test for 100000 request and concurrency level of 5000
=========================================================================
===========================Completed=====================================
Now running test for 10000, request and concurrency level of 500
=========================================================================
===========================Completed=====================================
Now running test for 10000, request and concurrency level of 1000
=========================================================================
===========================Completed=====================================
Now running test for 10000, request and concurrency level of 1500
=========================================================================
Now running test for 10000 request and concurrency level of 500
=========================================================================
===========================Completed=====================================
Now running test for 10000 request and concurrency level of 1000
=========================================================================
===========================Completed=====================================
Now running test for 10000 request and concurrency level of 1500
=========================================================================
===========================Completed=====================================
Now running test for 10000 request and concurrency level of 2000
=========================================================================
===========================Completed=====================================
Now running test for 10000 request and concurrency level of 2500
=========================================================================
===========================Completed=====================================
Now running test for 10000 request and concurrency level of 3000
=========================================================================
===========================Completed=====================================
Now running test for 10000 request and concurrency level of 3500
=========================================================================
===========================Completed=====================================
Now running test for 10000 request and concurrency level of 4000
=========================================================================
===========================Completed=====================================
Now running test for 10000 request and concurrency level of 4500
=========================================================================
===========================Completed=====================================
Now running test for 10000 request and concurrency level of 5000
=========================================================================
===========================Completed=====================================
Now running test for 20000 request and concurrency level of 500
=========================================================================
===========================Completed=====================================
Now running test for 20000 request and concurrency level of 1000
=========================================================================
===========================Completed=====================================
Now running test for 20000 request and concurrency level of 1500
=========================================================================
===========================Completed=====================================
Now running test for 20000 request and concurrency level of 2000
=========================================================================
===========================Completed=====================================
Now running test for 20000 request and concurrency level of 2500
=========================================================================
===========================Completed=====================================
Now running test for 20000 request and concurrency level of 3000
=========================================================================
===========================Completed=====================================
Now running test for 20000 request and concurrency level of 3500
=========================================================================
===========================Completed=====================================
Now running test for 20000 request and concurrency level of 4000
=========================================================================
===========================Completed=====================================
Now running test for 20000 request and concurrency level of 4500
=========================================================================
===========================Completed=====================================
Now running test for 20000 request and concurrency level of 5000
=========================================================================
===========================Completed=====================================
Now running test for 30000 request and concurrency level of 500
=========================================================================
===========================Completed=====================================
Now running test for 30000 request and concurrency level of 1000
=========================================================================
===========================Completed=====================================
Now running test for 30000 request and concurrency level of 1500
=========================================================================
===========================Completed=====================================
Now running test for 30000 request and concurrency level of 2000
=========================================================================
===========================Completed=====================================
Now running test for 30000 request and concurrency level of 2500
=========================================================================
===========================Completed=====================================
Now running test for 30000 request and concurrency level of 3000
=========================================================================
===========================Completed=====================================
Now running test for 30000 request and concurrency level of 3500
=========================================================================
===========================Completed=====================================
Now running test for 30000 request and concurrency level of 4000
=========================================================================
===========================Completed=====================================
Now running test for 30000 request and concurrency level of 4500
=========================================================================
===========================Completed=====================================
Now running test for 30000 request and concurrency level of 5000
=========================================================================
===========================Completed=====================================
Now running test for 40000 request and concurrency level of 500
=========================================================================
===========================Completed=====================================
Now running test for 40000 request and concurrency level of 1000
=========================================================================
===========================Completed=====================================
Now running test for 40000 request and concurrency level of 1500
=========================================================================
===========================Completed=====================================
Now running test for 40000 request and concurrency level of 2000
=========================================================================
===========================Completed=====================================
Now running test for 40000 request and concurrency level of 2500
=========================================================================
===========================Completed=====================================
Now running test for 40000 request and concurrency level of 3000
=========================================================================
===========================Completed=====================================
Now running test for 40000 request and concurrency level of 3500
=========================================================================
===========================Completed=====================================
Now running test for 40000 request and concurrency level of 4000
=========================================================================
===========================Completed=====================================
Now running test for 40000 request and concurrency level of 4500
=========================================================================
===========================Completed=====================================
Now running test for 40000 request and concurrency level of 5000
=========================================================================
===========================Completed=====================================
Now running test for 50000 request and concurrency level of 500
=========================================================================
===========================Completed=====================================
Now running test for 50000 request and concurrency level of 1000
=========================================================================
===========================Completed=====================================
Now running test for 50000 request and concurrency level of 1500
=========================================================================
===========================Completed=====================================
Now running test for 50000 request and concurrency level of 2000
=========================================================================
===========================Completed=====================================
Now running test for 50000 request and concurrency level of 2500
=========================================================================
===========================Completed=====================================
Now running test for 50000 request and concurrency level of 3000
=========================================================================
===========================Completed=====================================
Now running test for 50000 request and concurrency level of 3500
=========================================================================
===========================Completed=====================================
Now running test for 50000 request and concurrency level of 4000
=========================================================================
===========================Completed=====================================
Now running test for 50000 request and concurrency level of 4500
=========================================================================
===========================Completed=====================================
Now running test for 50000 request and concurrency level of 5000
=========================================================================
===========================Completed=====================================
Now running test for 60000 request and concurrency level of 500
=========================================================================
===========================Completed=====================================
Now running test for 60000 request and concurrency level of 1000
=========================================================================
===========================Completed=====================================
Now running test for 60000 request and concurrency level of 1500
=========================================================================
===========================Completed=====================================
Now running test for 60000 request and concurrency level of 2000
=========================================================================
===========================Completed=====================================
Now running test for 60000 request and concurrency level of 2500
=========================================================================
===========================Completed=====================================
Now running test for 60000 request and concurrency level of 3000
=========================================================================
===========================Completed=====================================
Now running test for 60000 request and concurrency level of 3500
=========================================================================
===========================Completed=====================================
Now running test for 60000 request and concurrency level of 4000
=========================================================================
===========================Completed=====================================
Now running test for 60000 request and concurrency level of 4500
=========================================================================
===========================Completed=====================================
Now running test for 60000 request and concurrency level of 5000
=========================================================================
===========================Completed=====================================
Now running test for 70000 request and concurrency level of 500
=========================================================================
===========================Completed=====================================
Now running test for 70000 request and concurrency level of 1000
=========================================================================
===========================Completed=====================================
Now running test for 70000 request and concurrency level of 1500
=========================================================================
===========================Completed=====================================
Now running test for 70000 request and concurrency level of 2000
=========================================================================
===========================Completed=====================================
Now running test for 70000 request and concurrency level of 2500
=========================================================================
===========================Completed=====================================
Now running test for 70000 request and concurrency level of 3000
=========================================================================
===========================Completed=====================================
Now running test for 70000 request and concurrency level of 3500
=========================================================================
===========================Completed=====================================
Now running test for 70000 request and concurrency level of 4000
=========================================================================
===========================Completed=====================================
Now running test for 70000 request and concurrency level of 4500
=========================================================================
===========================Completed=====================================
Now running test for 70000 request and concurrency level of 5000
=========================================================================
===========================Completed=====================================
Now running test for 80000 request and concurrency level of 500
=========================================================================
===========================Completed=====================================
Now running test for 80000 request and concurrency level of 1000
=========================================================================
===========================Completed=====================================
Now running test for 80000 request and concurrency level of 1500
=========================================================================
===========================Completed=====================================
Now running test for 80000 request and concurrency level of 2000
=========================================================================
===========================Completed=====================================
Now running test for 80000 request and concurrency level of 2500
=========================================================================
===========================Completed=====================================
Now running test for 80000 request and concurrency level of 3000
=========================================================================
===========================Completed=====================================
Now running test for 80000 request and concurrency level of 3500
=========================================================================
===========================Completed=====================================
Now running test for 80000 request and concurrency level of 4000
=========================================================================
===========================Completed=====================================
Now running test for 80000 request and concurrency level of 4500
=========================================================================
===========================Completed=====================================
Now running test for 80000 request and concurrency level of 5000
=========================================================================
===========================Completed=====================================
Now running test for 90000 request and concurrency level of 500
=========================================================================
===========================Completed=====================================
Now running test for 90000 request and concurrency level of 1000
=========================================================================
===========================Completed=====================================
Now running test for 90000 request and concurrency level of 1500
=========================================================================
===========================Completed=====================================
Now running test for 90000 request and concurrency level of 2000
=========================================================================
===========================Completed=====================================
Now running test for 90000 request and concurrency level of 2500
=========================================================================
===========================Completed=====================================
Now running test for 90000 request and concurrency level of 3000
=========================================================================
===========================Completed=====================================
Now running test for 90000 request and concurrency level of 3500
=========================================================================
===========================Completed=====================================
Now running test for 90000 request and concurrency level of 4000
=========================================================================
===========================Completed=====================================
Now running test for 90000 request and concurrency level of 4500
=========================================================================
===========================Completed=====================================
Now running test for 90000 request and concurrency level of 5000
=========================================================================
===========================Completed=====================================
Now running test for 100000 request and concurrency level of 500
=========================================================================
===========================Completed=====================================
Now running test for 100000 request and concurrency level of 1000
=========================================================================
===========================Completed=====================================
Now running test for 100000 request and concurrency level of 1500
=========================================================================
===========================Completed=====================================
Now running test for 100000 request and concurrency level of 2000
=========================================================================
===========================Completed=====================================
Now running test for 100000 request and concurrency level of 2500
=========================================================================
===========================Completed=====================================
Now running test for 100000 request and concurrency level of 3000
=========================================================================
===========================Completed=====================================
Now running test for 100000 request and concurrency level of 3500
=========================================================================
===========================Completed=====================================
Now running test for 100000 request and concurrency level of 4000
=========================================================================
===========================Completed=====================================
Now running test for 100000 request and concurrency level of 4500
=========================================================================
===========================Completed=====================================
Now running test for 100000 request and concurrency level of 5000
=========================================================================
===========================Completed=====================================
